[     379ms] [WARNING] cdn.tailwindcss.com should not be used in production. To use Tailwind CSS in production, install it as a PostCSS plugin or use the Tailwind CLI: https://tailwindcss.com/docs/installation @ https://cdn.tailwindcss.com/:63
[    1110ms] [ERROR] Failed to load resource: the server responded with a status of 404 (Not Found) @ http://localhost:8010/favicon.ico:0
[    1388ms] [WARNING] VRMUtils.removeUnnecessaryJoints: removeUnnecessaryJoints is deprecated. Use combineSkeletons instead. combineSkeletons contributes more to the performance improvement. This function will be removed in the next major version. @ http://localhost:8010/static/libs/three-vrm.module.min.js:923
[  206877ms] [ERROR] Failed to load resource: net::ERR_INCOMPLETE_CHUNKED_ENCODING @ http://localhost:8010/api/events:0
[  209904ms] [WARNING] cdn.tailwindcss.com should not be used in production. To use Tailwind CSS in production, install it as a PostCSS plugin or use the Tailwind CLI: https://tailwindcss.com/docs/installation @ https://cdn.tailwindcss.com/:63
[  210796ms] [WARNING] VRMUtils.removeUnnecessaryJoints: removeUnnecessaryJoints is deprecated. Use combineSkeletons instead. combineSkeletons contributes more to the performance improvement. This function will be removed in the next major version. @ http://localhost:8010/static/libs/three-vrm.module.min.js:923
[  304567ms] [WARNING] cdn.tailwindcss.com should not be used in production. To use Tailwind CSS in production, install it as a PostCSS plugin or use the Tailwind CLI: https://tailwindcss.com/docs/installation @ https://cdn.tailwindcss.com/:63
[  305562ms] [WARNING] VRMUtils.removeUnnecessaryJoints: removeUnnecessaryJoints is deprecated. Use combineSkeletons instead. combineSkeletons contributes more to the performance improvement. This function will be removed in the next major version. @ http://localhost:8010/static/libs/three-vrm.module.min.js:923
[  330206ms] [WARNING] cdn.tailwindcss.com should not be used in production. To use Tailwind CSS in production, install it as a PostCSS plugin or use the Tailwind CLI: https://tailwindcss.com/docs/installation @ https://cdn.tailwindcss.com/:63
[  331087ms] [WARNING] VRMUtils.removeUnnecessaryJoints: removeUnnecessaryJoints is deprecated. Use combineSkeletons instead. combineSkeletons contributes more to the performance improvement. This function will be removed in the next major version. @ http://localhost:8010/static/libs/three-vrm.module.min.js:923
[  552023ms] [ERROR] Failed to load resource: net::ERR_INCOMPLETE_CHUNKED_ENCODING @ http://localhost:8010/api/events:0
[  558190ms] [WARNING] cdn.tailwindcss.com should not be used in production. To use Tailwind CSS in production, install it as a PostCSS plugin or use the Tailwind CLI: https://tailwindcss.com/docs/installation @ https://cdn.tailwindcss.com/:63
[  558987ms] [WARNING] VRMUtils.removeUnnecessaryJoints: removeUnnecessaryJoints is deprecated. Use combineSkeletons instead. combineSkeletons contributes more to the performance improvement. This function will be removed in the next major version. @ http://localhost:8010/static/libs/three-vrm.module.min.js:923
[  588455ms] [WARNING] Alpine Warning: x-for key cannot be an object, it must be a string or an integer JSHandle@node @ https://cdn.jsdelivr.net/npm/alpinejs@3.x.x/dist/cdn.min.js:4
[  768052ms] [WARNING] cdn.tailwindcss.com should not be used in production. To use Tailwind CSS in production, install it as a PostCSS plugin or use the Tailwind CLI: https://tailwindcss.com/docs/installation @ https://cdn.tailwindcss.com/:63
[  769027ms] [WARNING] VRMUtils.removeUnnecessaryJoints: removeUnnecessaryJoints is deprecated. Use combineSkeletons instead. combineSkeletons contributes more to the performance improvement. This function will be removed in the next major version. @ http://localhost:8010/static/libs/three-vrm.module.min.js:923
[ 1024623ms] [WARNING] cdn.tailwindcss.com should not be used in production. To use Tailwind CSS in production, install it as a PostCSS plugin or use the Tailwind CLI: https://tailwindcss.com/docs/installation @ https://cdn.tailwindcss.com/:63
[ 1025641ms] [WARNING] VRMUtils.removeUnnecessaryJoints: removeUnnecessaryJoints is deprecated. Use combineSkeletons instead. combineSkeletons contributes more to the performance improvement. This function will be removed in the next major version. @ http://localhost:8010/static/libs/three-vrm.module.min.js:923
[ 1054843ms] [ERROR] Failed to load resource: net::ERR_INCOMPLETE_CHUNKED_ENCODING @ http://localhost:8010/api/events:0
[ 1420500ms] [WARNING] cdn.tailwindcss.com should not be used in production. To use Tailwind CSS in production, install it as a PostCSS plugin or use the Tailwind CLI: https://tailwindcss.com/docs/installation @ https://cdn.tailwindcss.com/:63
[ 1421657ms] [WARNING] VRMUtils.removeUnnecessaryJoints: removeUnnecessaryJoints is deprecated. Use combineSkeletons instead. combineSkeletons contributes more to the performance improvement. This function will be removed in the next major version. @ http://localhost:8010/static/libs/three-vrm.module.min.js:923
[ 1447602ms] [WARNING] cdn.tailwindcss.com should not be used in production. To use Tailwind CSS in production, install it as a PostCSS plugin or use the Tailwind CLI: https://tailwindcss.com/docs/installation @ https://cdn.tailwindcss.com/:63
[ 1447881ms] [ERROR] Error: <path> attribute d: Expected moveto path command ('M' or 'm'), "Wait, using simp…". @ https://cdn.jsdelivr.net/npm/alpinejs@3.x.x/dist/cdn.min.js:4
[ 1448551ms] [WARNING] VRMUtils.removeUnnecessaryJoints: removeUnnecessaryJoints is deprecated. Use combineSkeletons instead. combineSkeletons contributes more to the performance improvement. This function will be removed in the next major version. @ http://localhost:8010/static/libs/three-vrm.module.min.js:923
[ 1455623ms] [WARNING] cdn.tailwindcss.com should not be used in production. To use Tailwind CSS in production, install it as a PostCSS plugin or use the Tailwind CLI: https://tailwindcss.com/docs/installation @ https://cdn.tailwindcss.com/:63
[ 1455956ms] [ERROR] Error: <path> attribute d: Expected moveto path command ('M' or 'm'), "Wait, using simp…". @ https://cdn.jsdelivr.net/npm/alpinejs@3.x.x/dist/cdn.min.js:4
[ 1456566ms] [WARNING] VRMUtils.removeUnnecessaryJoints: removeUnnecessaryJoints is deprecated. Use combineSkeletons instead. combineSkeletons contributes more to the performance improvement. This function will be removed in the next major version. @ http://localhost:8010/static/libs/three-vrm.module.min.js:923
[ 1515138ms] [WARNING] cdn.tailwindcss.com should not be used in production. To use Tailwind CSS in production, install it as a PostCSS plugin or use the Tailwind CLI: https://tailwindcss.com/docs/installation @ https://cdn.tailwindcss.com/:63
[ 1515432ms] [ERROR] Error: <path> attribute d: Expected moveto path command ('M' or 'm'), "Wait, using simp…". @ https://cdn.jsdelivr.net/npm/alpinejs@3.x.x/dist/cdn.min.js:4
[ 1516340ms] [WARNING] VRMUtils.removeUnnecessaryJoints: removeUnnecessaryJoints is deprecated. Use combineSkeletons instead. combineSkeletons contributes more to the performance improvement. This function will be removed in the next major version. @ http://localhost:8010/static/libs/three-vrm.module.min.js:923
[ 1708595ms] [WARNING] cdn.tailwindcss.com should not be used in production. To use Tailwind CSS in production, install it as a PostCSS plugin or use the Tailwind CLI: https://tailwindcss.com/docs/installation @ https://cdn.tailwindcss.com/:63
[ 1708930ms] [ERROR] Error: <path> attribute d: Expected moveto path command ('M' or 'm'), "Wait, using simp…". @ https://cdn.jsdelivr.net/npm/alpinejs@3.x.x/dist/cdn.min.js:4
[ 1709715ms] [WARNING] VRMUtils.removeUnnecessaryJoints: removeUnnecessaryJoints is deprecated. Use combineSkeletons instead. combineSkeletons contributes more to the performance improvement. This function will be removed in the next major version. @ http://localhost:8010/static/libs/three-vrm.module.min.js:923
[ 1967419ms] [WARNING] cdn.tailwindcss.com should not be used in production. To use Tailwind CSS in production, install it as a PostCSS plugin or use the Tailwind CLI: https://tailwindcss.com/docs/installation @ https://cdn.tailwindcss.com/:63
[ 1967685ms] [ERROR] Error: <path> attribute d: Expected moveto path command ('M' or 'm'), "Wait, using simp…". @ https://cdn.jsdelivr.net/npm/alpinejs@3.x.x/dist/cdn.min.js:4
[ 1968389ms] [WARNING] VRMUtils.removeUnnecessaryJoints: removeUnnecessaryJoints is deprecated. Use combineSkeletons instead. combineSkeletons contributes more to the performance improvement. This function will be removed in the next major version. @ http://localhost:8010/static/libs/three-vrm.module.min.js:923
[ 2117990ms] [WARNING] cdn.tailwindcss.com should not be used in production. To use Tailwind CSS in production, install it as a PostCSS plugin or use the Tailwind CLI: https://tailwindcss.com/docs/installation @ https://cdn.tailwindcss.com/:63
[ 2118245ms] [ERROR] Error: <path> attribute d: Expected moveto path command ('M' or 'm'), "Wait, using simp…". @ https://cdn.jsdelivr.net/npm/alpinejs@3.x.x/dist/cdn.min.js:4
[ 2118921ms] [WARNING] VRMUtils.removeUnnecessaryJoints: removeUnnecessaryJoints is deprecated. Use combineSkeletons instead. combineSkeletons contributes more to the performance improvement. This function will be removed in the next major version. @ http://localhost:8010/static/libs/three-vrm.module.min.js:923
